[junction_report]
id = j1
time = 1
queues = 

[junction_report]
id = j2
time = 1
queues = 

[junction_report]
id = r1
time = 1
queues = 

[junction_report]
id = j1
time = 2
queues = 

[junction_report]
id = j2
time = 2
queues = 

[junction_report]
id = r1
time = 2
queues = 

[junction_report]
id = j1
time = 3
queues = 

[junction_report]
id = j2
time = 3
queues = 

[junction_report]
id = r1
time = 3
queues = 

[junction_report]
id = j1
time = 4
queues = 

[junction_report]
id = j2
time = 4
queues = 

[junction_report]
id = r1
time = 4
queues = 

[junction_report]
id = j1
time = 5
queues = 

[junction_report]
id = j2
time = 5
queues = 

[junction_report]
id = r1
time = 5
queues = 

[junction_report]
id = j1
time = 6
queues = 

[junction_report]
id = j2
time = 6
queues = 

[junction_report]
id = r1
time = 6
queues = 

[junction_report]
id = j1
time = 7
queues = 

[junction_report]
id = j2
time = 7
queues = 

[junction_report]
id = r1
time = 7
queues = 

[junction_report]
id = j1
time = 8
queues = 

[junction_report]
id = j2
time = 8
queues = 

[junction_report]
id = r1
time = 8
queues = 

[junction_report]
id = j1
time = 9
queues = 

[junction_report]
id = j2
time = 9
queues = 

[junction_report]
id = r1
time = 9
queues = 

[junction_report]
id = j1
time = 10
queues = 

[junction_report]
id = j2
time = 10
queues = 

[junction_report]
id = r1
time = 10
queues = 

[junction_report]
id = j1
time = 11
queues = 

[junction_report]
id = j2
time = 11
queues = 

[junction_report]
id = r1
time = 11
queues = 

[junction_report]
id = j1
time = 12
queues = 

[junction_report]
id = j2
time = 12
queues = 

[junction_report]
id = r1
time = 12
queues = 

[junction_report]
id = j1
time = 13
queues = 

[junction_report]
id = j2
time = 13
queues = 

[junction_report]
id = r1
time = 13
queues = 

[junction_report]
id = j1
time = 14
queues = 

[junction_report]
id = j2
time = 14
queues = 

[junction_report]
id = r1
time = 14
queues = 

[junction_report]
id = j1
time = 15
queues = 

[junction_report]
id = j2
time = 15
queues = 

[junction_report]
id = r1
time = 15
queues = 

[junction_report]
id = j1
time = 16
queues = 

[junction_report]
id = j2
time = 16
queues = 

[junction_report]
id = r1
time = 16
queues = 

[junction_report]
id = j1
time = 17
queues = 

[junction_report]
id = j2
time = 17
queues = 

[junction_report]
id = r1
time = 17
queues = 

[junction_report]
id = j1
time = 18
queues = 

[junction_report]
id = j2
time = 18
queues = 

[junction_report]
id = r1
time = 18
queues = 

[junction_report]
id = j1
time = 19
queues = 

[junction_report]
id = j2
time = 19
queues = 

[junction_report]
id = r1
time = 19
queues = 

[junction_report]
id = j1
time = 20
queues = 

[junction_report]
id = j2
time = 20
queues = 

[junction_report]
id = r1
time = 20
queues = 

[junction_report]
id = j1
time = 21
queues = 

[junction_report]
id = j2
time = 21
queues = 

[junction_report]
id = r1
time = 21
queues = 

[junction_report]
id = j1
time = 22
queues = 

[junction_report]
id = j2
time = 22
queues = 

[junction_report]
id = r1
time = 22
queues = 

[junction_report]
id = j1
time = 23
queues = 

[junction_report]
id = j2
time = 23
queues = 

[junction_report]
id = r1
time = 23
queues = 

[junction_report]
id = j1
time = 24
queues = 

[junction_report]
id = j2
time = 24
queues = 

[junction_report]
id = r1
time = 24
queues = 

[junction_report]
id = j1
time = 25
queues = 

[junction_report]
id = j2
time = 25
queues = 

[junction_report]
id = r1
time = 25
queues = 

[junction_report]
id = j1
time = 26
queues = 

[junction_report]
id = j2
time = 26
queues = 

[junction_report]
id = r1
time = 26
queues = 

[junction_report]
id = j1
time = 27
queues = 

[junction_report]
id = j2
time = 27
queues = 

[junction_report]
id = r1
time = 27
queues = 

[junction_report]
id = j1
time = 28
queues = 

[junction_report]
id = j2
time = 28
queues = 

[junction_report]
id = r1
time = 28
queues = 

[junction_report]
id = j1
time = 29
queues = 

[junction_report]
id = j2
time = 29
queues = 

[junction_report]
id = r1
time = 29
queues = 

[junction_report]
id = j1
time = 30
queues = 

[junction_report]
id = j2
time = 30
queues = 

[junction_report]
id = r1
time = 30
queues = 

[junction_report]
id = j1
time = 31
queues = 

[junction_report]
id = j2
time = 31
queues = 

[junction_report]
id = r1
time = 31
queues = 

[junction_report]
id = j1
time = 32
queues = 

[junction_report]
id = j2
time = 32
queues = 

[junction_report]
id = r1
time = 32
queues = 

[junction_report]
id = j1
time = 33
queues = 

[junction_report]
id = j2
time = 33
queues = 

[junction_report]
id = r1
time = 33
queues = 

[junction_report]
id = j1
time = 34
queues = 

[junction_report]
id = j2
time = 34
queues = 

[junction_report]
id = r1
time = 34
queues = 

[junction_report]
id = j1
time = 35
queues = 

[junction_report]
id = j2
time = 35
queues = 

[junction_report]
id = r1
time = 35
queues = 

[junction_report]
id = j1
time = 36
queues = 

[junction_report]
id = j2
time = 36
queues = 

[junction_report]
id = r1
time = 36
queues = 

[junction_report]
id = j1
time = 37
queues = 

[junction_report]
id = j2
time = 37
queues = 

[junction_report]
id = r1
time = 37
queues = 

[junction_report]
id = j1
time = 38
queues = 

[junction_report]
id = j2
time = 38
queues = 

[junction_report]
id = r1
time = 38
queues = 

[junction_report]
id = j1
time = 39
queues = 

[junction_report]
id = j2
time = 39
queues = 

[junction_report]
id = r1
time = 39
queues = 

[junction_report]
id = j1
time = 40
queues = 

[junction_report]
id = j2
time = 40
queues = 

[junction_report]
id = r1
time = 40
queues = 

[junction_report]
id = j1
time = 41
queues = 

[junction_report]
id = j2
time = 41
queues = 

[junction_report]
id = r1
time = 41
queues = 

[junction_report]
id = j1
time = 42
queues = 

[junction_report]
id = j2
time = 42
queues = 

[junction_report]
id = r1
time = 42
queues = 

[junction_report]
id = j1
time = 43
queues = 

[junction_report]
id = j2
time = 43
queues = 

[junction_report]
id = r1
time = 43
queues = 

[junction_report]
id = j1
time = 44
queues = 

[junction_report]
id = j2
time = 44
queues = 

[junction_report]
id = r1
time = 44
queues = 

[junction_report]
id = j1
time = 45
queues = 

[junction_report]
id = j2
time = 45
queues = 

[junction_report]
id = r1
time = 45
queues = 

[junction_report]
id = j1
time = 46
queues = 

[junction_report]
id = j2
time = 46
queues = 

[junction_report]
id = r1
time = 46
queues = 

[junction_report]
id = j1
time = 47
queues = 

[junction_report]
id = j2
time = 47
queues = 

[junction_report]
id = r1
time = 47
queues = 

[junction_report]
id = j1
time = 48
queues = 

[junction_report]
id = j2
time = 48
queues = 

[junction_report]
id = r1
time = 48
queues = 

[junction_report]
id = j1
time = 49
queues = 

[junction_report]
id = j2
time = 49
queues = 

[junction_report]
id = r1
time = 49
queues = 

[junction_report]
id = j1
time = 50
queues = 

[junction_report]
id = j2
time = 50
queues = 

[junction_report]
id = r1
time = 50
queues = 

